  [1m[35m (1.7ms)[0m  [1m[35mCREATE DATABASE "yes_were_open_development" ENCODING = 'unicode'[0m
  [1m[35m (0.7ms)[0m  [1m[35mCREATE DATABASE "yes_were_open_test" ENCODING = 'unicode'[0m
  [1m[35m (1.7ms)[0m  [1m[34mSELECT "schema_migrations"."version" FROM "schema_migrations" ORDER BY "schema_migrations"."version" ASC[0m
  [1m[35m (24.3ms)[0m  [1m[34mSELECT "ar_internal_metadata"."value" FROM "ar_internal_metadata" WHERE "ar_internal_metadata"."key" = $1[0m  [["key", "environment"]]
  [1m[35m (0.2ms)[0m  [1m[34mSELECT "schema_migrations"."version" FROM "schema_migrations" ORDER BY "schema_migrations"."version" ASC[0m
  [1m[35m (0.2ms)[0m  [1m[34mSELECT "ar_internal_metadata"."value" FROM "ar_internal_metadata" WHERE "ar_internal_metadata"."key" = $1[0m  [["key", "environment"]]
  [1m[35m (0.2ms)[0m  [1m[34mSELECT "schema_migrations"."version" FROM "schema_migrations" ORDER BY "schema_migrations"."version" ASC[0m
  [1m[35m (0.2ms)[0m  [1m[34mSELECT "ar_internal_metadata"."value" FROM "ar_internal_metadata" WHERE "ar_internal_metadata"."key" = $1[0m  [["key", "environment"]]
  [1m[35m (0.6ms)[0m  [1m[35mCREATE DATABASE "yes_were_open_development" ENCODING = 'unicode'[0m
  [1m[35m (0.5ms)[0m  [1m[35mCREATE DATABASE "yes_were_open_test" ENCODING = 'unicode'[0m
  [1m[35m (0.4ms)[0m  [1m[34mSELECT pg_try_advisory_lock(5605023048375639630)[0m
  [1m[35m (1.4ms)[0m  [1m[34mSELECT "schema_migrations"."version" FROM "schema_migrations" ORDER BY "schema_migrations"."version" ASC[0m
  [1m[36mActiveRecord::InternalMetadata Load (2.1ms)[0m  [1m[34mSELECT "ar_internal_metadata".* FROM "ar_internal_metadata" WHERE "ar_internal_metadata"."key" = $1 LIMIT $2[0m  [["key", "environment"], ["LIMIT", 1]]
  [1m[35m (0.3ms)[0m  [1m[34mSELECT pg_advisory_unlock(5605023048375639630)[0m
  [1m[35m (0.7ms)[0m  [1m[34mSELECT "schema_migrations"."version" FROM "schema_migrations" ORDER BY "schema_migrations"."version" ASC[0m
Started GET "/users" for ::1 at 2020-05-13 09:30:15 -0400
  [1m[35m (1.9ms)[0m  [1m[34mSELECT "schema_migrations"."version" FROM "schema_migrations" ORDER BY "schema_migrations"."version" ASC[0m
  
ActiveRecord::PendingMigrationError (

Migrations are pending. To resolve this issue, run:

        rails db:migrate RAILS_ENV=development

):
  
activerecord (6.0.3) lib/active_record/migration.rb:586:in `check_pending!'
activerecord (6.0.3) lib/active_record/migration.rb:564:in `call'
actionpack (6.0.3) lib/action_dispatch/middleware/callbacks.rb:27:in `block in call'
activesupport (6.0.3) lib/active_support/callbacks.rb:101:in `run_callbacks'
actionpack (6.0.3) lib/action_dispatch/middleware/callbacks.rb:26:in `call'
actionpack (6.0.3) lib/action_dispatch/middleware/executor.rb:14:in `call'
actionpack (6.0.3) lib/action_dispatch/middleware/actionable_exceptions.rb:17:in `call'
actionpack (6.0.3) lib/action_dispatch/middleware/debug_exceptions.rb:32:in `call'
actionpack (6.0.3) lib/action_dispatch/middleware/show_exceptions.rb:33:in `call'
railties (6.0.3) lib/rails/rack/logger.rb:37:in `call_app'
railties (6.0.3) lib/rails/rack/logger.rb:26:in `block in call'
activesupport (6.0.3) lib/active_support/tagged_logging.rb:80:in `block in tagged'
activesupport (6.0.3) lib/active_support/tagged_logging.rb:28:in `tagged'
activesupport (6.0.3) lib/active_support/tagged_logging.rb:80:in `tagged'
railties (6.0.3) lib/rails/rack/logger.rb:26:in `call'
actionpack (6.0.3) lib/action_dispatch/middleware/remote_ip.rb:81:in `call'
actionpack (6.0.3) lib/action_dispatch/middleware/request_id.rb:27:in `call'
rack (2.2.2) lib/rack/runtime.rb:22:in `call'
activesupport (6.0.3) lib/active_support/cache/strategy/local_cache_middleware.rb:29:in `call'
actionpack (6.0.3) lib/action_dispatch/middleware/executor.rb:14:in `call'
actionpack (6.0.3) lib/action_dispatch/middleware/static.rb:126:in `call'
rack (2.2.2) lib/rack/sendfile.rb:110:in `call'
actionpack (6.0.3) lib/action_dispatch/middleware/host_authorization.rb:82:in `call'
railties (6.0.3) lib/rails/engine.rb:527:in `call'
puma (4.3.3) lib/puma/configuration.rb:228:in `call'
puma (4.3.3) lib/puma/server.rb:682:in `handle_request'
puma (4.3.3) lib/puma/server.rb:472:in `process_client'
puma (4.3.3) lib/puma/server.rb:328:in `block in run'
puma (4.3.3) lib/puma/thread_pool.rb:134:in `block in spawn_thread'
Started GET "/users" for ::1 at 2020-05-13 09:39:03 -0400
  [1m[35m (4.2ms)[0m  [1m[34mSELECT "schema_migrations"."version" FROM "schema_migrations" ORDER BY "schema_migrations"."version" ASC[0m
  
ActiveRecord::PendingMigrationError (

Migrations are pending. To resolve this issue, run:

        rails db:migrate RAILS_ENV=development

):
  
activerecord (6.0.3) lib/active_record/migration.rb:586:in `check_pending!'
activerecord (6.0.3) lib/active_record/migration.rb:564:in `call'
actionpack (6.0.3) lib/action_dispatch/middleware/callbacks.rb:27:in `block in call'
activesupport (6.0.3) lib/active_support/callbacks.rb:101:in `run_callbacks'
actionpack (6.0.3) lib/action_dispatch/middleware/callbacks.rb:26:in `call'
actionpack (6.0.3) lib/action_dispatch/middleware/executor.rb:14:in `call'
actionpack (6.0.3) lib/action_dispatch/middleware/actionable_exceptions.rb:17:in `call'
actionpack (6.0.3) lib/action_dispatch/middleware/debug_exceptions.rb:32:in `call'
actionpack (6.0.3) lib/action_dispatch/middleware/show_exceptions.rb:33:in `call'
railties (6.0.3) lib/rails/rack/logger.rb:37:in `call_app'
railties (6.0.3) lib/rails/rack/logger.rb:26:in `block in call'
activesupport (6.0.3) lib/active_support/tagged_logging.rb:80:in `block in tagged'
activesupport (6.0.3) lib/active_support/tagged_logging.rb:28:in `tagged'
activesupport (6.0.3) lib/active_support/tagged_logging.rb:80:in `tagged'
railties (6.0.3) lib/rails/rack/logger.rb:26:in `call'
actionpack (6.0.3) lib/action_dispatch/middleware/remote_ip.rb:81:in `call'
actionpack (6.0.3) lib/action_dispatch/middleware/request_id.rb:27:in `call'
rack (2.2.2) lib/rack/runtime.rb:22:in `call'
activesupport (6.0.3) lib/active_support/cache/strategy/local_cache_middleware.rb:29:in `call'
actionpack (6.0.3) lib/action_dispatch/middleware/executor.rb:14:in `call'
actionpack (6.0.3) lib/action_dispatch/middleware/static.rb:126:in `call'
rack (2.2.2) lib/rack/sendfile.rb:110:in `call'
actionpack (6.0.3) lib/action_dispatch/middleware/host_authorization.rb:82:in `call'
railties (6.0.3) lib/rails/engine.rb:527:in `call'
puma (4.3.3) lib/puma/configuration.rb:228:in `call'
puma (4.3.3) lib/puma/server.rb:682:in `handle_request'
puma (4.3.3) lib/puma/server.rb:472:in `process_client'
puma (4.3.3) lib/puma/server.rb:328:in `block in run'
puma (4.3.3) lib/puma/thread_pool.rb:134:in `block in spawn_thread'
